<?xml version="1.0" encoding="UTF-8"?>
<!-- Generated by org.testng.reporters.JUnitReportReporter -->
<testsuite hostname="Swethas-MacBook-Air.local" failures="0" tests="1" name="test.LoginTest" time="21.873" errors="0" timestamp="2024-05-22T14:20:48 IST" skipped="0">
  <testcase classname="test.LoginTest" name="loginTest" time="21.873"/>
  <system-out/>
</testsuite> <!-- test.LoginTest -->
