<?xml version="1.0" encoding="UTF-8"?>
<!-- Generated by org.testng.reporters.JUnitReportReporter -->
<testsuite hostname="MacBook-Pro-3.local" failures="0" tests="1" name="test.AllTests" time="138.230" errors="0" timestamp="2024-08-04T14:51:42 IST" skipped="0">
  <testcase classname="test.AllTests" name="verifyGamerQuestsPage" time="138.230"/>
  <system-out/>
</testsuite> <!-- test.AllTests -->
