<?xml version="1.0" encoding="UTF-8"?>
<!-- Generated by org.testng.reporters.JUnitReportReporter -->
<testsuite hostname="MacBook-Pro-3.lan" failures="0" tests="1" name="test.AllTests" time="194.754" errors="0" timestamp="2024-08-10T21:28:28 IST" skipped="0">
  <testcase classname="test.AllTests" name="navBarNavigationKgenHome" time="194.754"/>
  <system-out/>
</testsuite> <!-- test.AllTests -->
