<?xml version="1.0" encoding="UTF-8"?>
<!-- Generated by org.testng.reporters.JUnitReportReporter -->
<testsuite hostname="MacBook-Pro-3.local" failures="0" tests="1" name="test.AllTests" time="84.568" errors="0" timestamp="2024-07-31T08:41:30 IST" skipped="0">
  <testcase classname="test.AllTests" name="verifyFeaturedQuestsSection" time="84.568"/>
  <system-out/>
</testsuite> <!-- test.AllTests -->
