<?xml version="1.0" encoding="UTF-8"?>
<!-- Generated by org.testng.reporters.JUnitReportReporter -->
<testsuite hostname="MacBook-Pro-3.lan" failures="0" tests="1" name="test.AllTests" time="109.946" errors="0" timestamp="2024-10-05T14:10:59 IST" skipped="0">
  <testcase classname="test.AllTests" name="kDropTest_LoggedOutUser_ListingPageValidation" time="109.946"/>
  <system-out/>
</testsuite> <!-- test.AllTests -->
