<?xml version="1.0" encoding="UTF-8"?>
<!-- Generated by org.testng.reporters.JUnitReportReporter -->
<testsuite hostname="MacBook-Pro-3.local" failures="0" tests="1" name="test.LoginTest" time="151.558" errors="0" timestamp="2024-07-19T17:29:28 IST" skipped="0">
  <testcase classname="test.LoginTest" name="loginTest" time="151.558"/>
  <system-out/>
</testsuite> <!-- test.LoginTest -->
