<?xml version="1.0" encoding="UTF-8"?>
<!-- Generated by org.testng.reporters.JUnitReportReporter -->
<testsuite hostname="MacBook-Pro-3.local" failures="0" tests="1" name="test.AllTests" time="303.597" errors="0" timestamp="2024-08-03T22:07:52 IST" skipped="0">
  <testcase classname="test.AllTests" name="verifyGamerQuestsPage" time="303.597"/>
  <system-out/>
</testsuite> <!-- test.AllTests -->
